Determining if the pthread_create exist failed with the following output:
Change Dir: /home/bryan/TigerBotVII/build/CMakeFiles/CMakeTmp

Run Build Command:"/usr/bin/make" "cmTC_4c5e7/fast"
/usr/bin/make -f CMakeFiles/cmTC_4c5e7.dir/build.make CMakeFiles/cmTC_4c5e7.dir/build
make[1]: Entering directory '/home/bryan/TigerBotVII/build/CMakeFiles/CMakeTmp'
Building C object CMakeFiles/cmTC_4c5e7.dir/CheckSymbolExists.c.o
/usr/bin/cc     -o CMakeFiles/cmTC_4c5e7.dir/CheckSymbolExists.c.o   -c /home/bryan/TigerBotVII/build/CMakeFiles/CMakeTmp/CheckSymbolExists.c
Linking C executable cmTC_4c5e7
/usr/bin/cmake -E cmake_link_script CMakeFiles/cmTC_4c5e7.dir/link.txt --verbose=1
/usr/bin/cc       CMakeFiles/cmTC_4c5e7.dir/CheckSymbolExists.c.o  -o cmTC_4c5e7 -rdynamic 
CMakeFiles/cmTC_4c5e7.dir/CheckSymbolExists.c.o: In function `main':
CheckSymbolExists.c:(.text+0x16): undefined reference to `pthread_create'
collect2: error: ld returned 1 exit status
CMakeFiles/cmTC_4c5e7.dir/build.make:97: recipe for target 'cmTC_4c5e7' failed
make[1]: *** [cmTC_4c5e7] Error 1
make[1]: Leaving directory '/home/bryan/TigerBotVII/build/CMakeFiles/CMakeTmp'
Makefile:126: recipe for target 'cmTC_4c5e7/fast' failed
make: *** [cmTC_4c5e7/fast] Error 2

File /home/bryan/TigerBotVII/build/CMakeFiles/CMakeTmp/CheckSymbolExists.c:
/* */
#include <pthread.h>

int main(int argc, char** argv)
{
  (void)argv;
#ifndef pthread_create
  return ((int*)(&pthread_create))[argc];
#else
  (void)argc;
  return 0;
#endif
}

Determining if the function pthread_create exists in the pthreads failed with the following output:
Change Dir: /home/bryan/TigerBotVII/build/CMakeFiles/CMakeTmp

Run Build Command:"/usr/bin/make" "cmTC_fe202/fast"
/usr/bin/make -f CMakeFiles/cmTC_fe202.dir/build.make CMakeFiles/cmTC_fe202.dir/build
make[1]: Entering directory '/home/bryan/TigerBotVII/build/CMakeFiles/CMakeTmp'
Building C object CMakeFiles/cmTC_fe202.dir/CheckFunctionExists.c.o
/usr/bin/cc    -DCHECK_FUNCTION_EXISTS=pthread_create   -o CMakeFiles/cmTC_fe202.dir/CheckFunctionExists.c.o   -c /usr/share/cmake-3.5/Modules/CheckFunctionExists.c
Linking C executable cmTC_fe202
/usr/bin/cmake -E cmake_link_script CMakeFiles/cmTC_fe202.dir/link.txt --verbose=1
/usr/bin/cc   -DCHECK_FUNCTION_EXISTS=pthread_create    CMakeFiles/cmTC_fe202.dir/CheckFunctionExists.c.o  -o cmTC_fe202 -rdynamic -lpthreads 
/usr/bin/ld: cannot find -lpthreads
collect2: error: ld returned 1 exit status
CMakeFiles/cmTC_fe202.dir/build.make:97: recipe for target 'cmTC_fe202' failed
make[1]: *** [cmTC_fe202] Error 1
make[1]: Leaving directory '/home/bryan/TigerBotVII/build/CMakeFiles/CMakeTmp'
Makefile:126: recipe for target 'cmTC_fe202/fast' failed
make: *** [cmTC_fe202/fast] Error 2


